<?xml version="1.0" encoding="UTF-8"?>
<!-- Generated by org.testng.reporters.JUnitReportReporter -->
<testsuite skipped="0" hostname="User-PC" name="com.globus.customerService.index.CustomerServiceIndex" tests="1" failures="0" timestamp="10 Oct 2018 05:42:08 GMT" time="135.894" errors="0">
  <testcase name="processNewSalesOrder" time="135.894" classname="com.globus.customerService.index.CustomerServiceIndex"/>
</testsuite> <!-- com.globus.customerService.index.CustomerServiceIndex -->
