<?xml version="1.0" encoding="UTF-8"?>
<!-- Generated by org.testng.reporters.JUnitReportReporter -->
<testsuite skipped="0" hostname="User-PC" name="com.globus.accountSetup.index.AccountSetupIndex" tests="1" failures="0" timestamp="10 Oct 2018 05:42:08 GMT" time="130.920" errors="0">
  <testcase name="accountSetup" time="130.920" classname="com.globus.accountSetup.index.AccountSetupIndex"/>
</testsuite> <!-- com.globus.accountSetup.index.AccountSetupIndex -->
