<?xml version="1.0" encoding="UTF-8"?>
<!-- Generated by org.testng.reporters.JUnitReportReporter -->
<testsuite skipped="0" hostname="User-PC" name="com.globus.invoiceGeneration.index.InvoiceGenerationIndex" tests="2" failures="0" timestamp="10 Oct 2018 06:27:25 GMT" time="295.340" errors="0">
  <testcase name="generateRegularInvoice" time="190.540" classname="com.globus.invoiceGeneration.index.InvoiceGenerationIndex"/>
  <testcase name="voidGeneratedInvoice" time="104.800" classname="com.globus.invoiceGeneration.index.InvoiceGenerationIndex"/>
</testsuite> <!-- com.globus.invoiceGeneration.index.InvoiceGenerationIndex -->
