<?xml version="1.0" encoding="UTF-8"?>
<!-- Generated by org.testng.reporters.JUnitReportReporter -->
<testsuite skipped="0" hostname="User-PC" name="com.globus.signInIndex.SignInIndex" tests="1" failures="0" timestamp="03 Oct 2018 10:21:44 GMT" time="50.843" errors="0">
  <testcase name="signIn_with_ValidCredential" time="50.843" classname="com.globus.signInIndex.SignInIndex"/>
</testsuite> <!-- com.globus.signInIndex.SignInIndex -->
